c:\users\alisk\desktop\m3d_isicg-main\m3d_isicg\x64\debug\vc143.pdb
c:\users\alisk\desktop\m3d_isicg-main\m3d_isicg\x64\debug\vc143.idb
c:\users\alisk\desktop\m3d_isicg-main\m3d_isicg\x64\debug\image.obj
c:\users\alisk\desktop\m3d_isicg-main\m3d_isicg\x64\debug\main.obj
c:\users\alisk\desktop\m3d_isicg-main\m3d_isicg\x64\debug\lab_work_manager.obj
c:\users\alisk\desktop\m3d_isicg-main\m3d_isicg\x64\debug\lab_work_1.obj
c:\users\alisk\desktop\m3d_isicg-main\m3d_isicg\x64\debug\triangle_mesh_model.obj
c:\users\alisk\desktop\m3d_isicg-main\m3d_isicg\x64\debug\triangle_mesh.obj
c:\users\alisk\desktop\m3d_isicg-main\m3d_isicg\x64\debug\camera.obj
c:\users\alisk\desktop\m3d_isicg-main\m3d_isicg\x64\debug\application.obj
c:\users\alisk\desktop\m3d_isicg-main\m3d_isicg\x64\debug\imgui_widgets.obj
c:\users\alisk\desktop\m3d_isicg-main\m3d_isicg\x64\debug\imgui_tables.obj
c:\users\alisk\desktop\m3d_isicg-main\m3d_isicg\x64\debug\imgui_draw.obj
c:\users\alisk\desktop\m3d_isicg-main\m3d_isicg\x64\debug\imgui.obj
c:\users\alisk\desktop\m3d_isicg-main\m3d_isicg\x64\debug\imgui_impl_sdl.obj
c:\users\alisk\desktop\m3d_isicg-main\m3d_isicg\x64\debug\imgui_impl_opengl3.obj
c:\users\alisk\desktop\m3d_isicg-main\m3d_isicg\x64\debug\lab_work_2.obj
c:\users\alisk\desktop\m3d_isicg-main\m3d_isicg\x64\debug\lab_work_5.obj
c:\users\alisk\desktop\m3d_isicg-main\m3d_isicg\x64\debug\lab_work_4.obj
c:\users\alisk\desktop\m3d_isicg-main\m3d_isicg\x64\debug\lab_work_3.obj
c:\users\alisk\desktop\m3d_isicg-main\m3d_isicg\x64\debug\lab_work_6.obj
c:\users\alisk\desktop\m3d_isicg-main\m3d_isicg\x64\debug\gl3w.obj
c:\users\alisk\source\repos\m3d_isicg_vrai\m3d_isicg\x64\debug\vc143.pdb
c:\users\alisk\source\repos\m3d_isicg_vrai\m3d_isicg\x64\debug\vc143.idb
c:\users\alisk\source\repos\m3d_isicg_vrai\m3d_isicg\x64\debug\image.obj
c:\users\alisk\source\repos\m3d_isicg_vrai\m3d_isicg\x64\debug\main.obj
c:\users\alisk\source\repos\m3d_isicg_vrai\m3d_isicg\x64\debug\lab_work_manager.obj
c:\users\alisk\source\repos\m3d_isicg_vrai\m3d_isicg\x64\debug\lab_work_1.obj
c:\users\alisk\source\repos\m3d_isicg_vrai\m3d_isicg\x64\debug\triangle_mesh_model.obj
c:\users\alisk\source\repos\m3d_isicg_vrai\m3d_isicg\x64\debug\triangle_mesh.obj
c:\users\alisk\source\repos\m3d_isicg_vrai\m3d_isicg\x64\debug\camera.obj
c:\users\alisk\source\repos\m3d_isicg_vrai\m3d_isicg\x64\debug\application.obj
c:\users\alisk\source\repos\m3d_isicg_vrai\m3d_isicg\x64\debug\projet.obj
c:\users\alisk\source\repos\m3d_isicg_vrai\m3d_isicg\x64\debug\lab_work_2.obj
c:\users\alisk\source\repos\m3d_isicg_vrai\m3d_isicg\x64\debug\imgui_widgets.obj
c:\users\alisk\source\repos\m3d_isicg_vrai\m3d_isicg\x64\debug\imgui_tables.obj
c:\users\alisk\source\repos\m3d_isicg_vrai\m3d_isicg\x64\debug\imgui_draw.obj
c:\users\alisk\source\repos\m3d_isicg_vrai\m3d_isicg\x64\debug\imgui.obj
c:\users\alisk\source\repos\m3d_isicg_vrai\m3d_isicg\x64\debug\imgui_impl_sdl.obj
c:\users\alisk\source\repos\m3d_isicg_vrai\m3d_isicg\x64\debug\imgui_impl_opengl3.obj
c:\users\alisk\source\repos\m3d_isicg_vrai\m3d_isicg\x64\debug\lab_work_6.obj
c:\users\alisk\source\repos\m3d_isicg_vrai\m3d_isicg\x64\debug\lab_work_3.obj
c:\users\alisk\desktop\m3d_isicg-main\x64\debug\m3d_isicg.exe
c:\users\alisk\desktop\m3d_isicg-main\x64\debug\m3d_isicg.pdb
c:\users\alisk\desktop\m3d_isicg-main\m3d_isicg\x64\debug\m3d_isicg.ilk
c:\users\alisk\source\repos\m3d_isicg_vrai\m3d_isicg\x64\debug\gl3w.obj
c:\users\alisk\source\repos\m3d_isicg_vrai\m3d_isicg\x64\debug\lab_work_4.obj
c:\users\alisk\source\repos\m3d_isicg_vrai\m3d_isicg\x64\debug\lab_work_5.obj
c:\users\alisk\source\repos\m3d_isicg_vrai\m3d_isicg\x64\debug\m3d_isicg.ilk
c:\users\alisk\source\repos\m3d_isicg_vrai\m3d_isicg\x64\debug\m3d_isicg.tlog\cl.command.1.tlog
c:\users\alisk\source\repos\m3d_isicg_vrai\m3d_isicg\x64\debug\m3d_isicg.tlog\cl.items.tlog
c:\users\alisk\source\repos\m3d_isicg_vrai\m3d_isicg\x64\debug\m3d_isicg.tlog\cl.read.1.tlog
c:\users\alisk\source\repos\m3d_isicg_vrai\m3d_isicg\x64\debug\m3d_isicg.tlog\cl.write.1.tlog
c:\users\alisk\source\repos\m3d_isicg_vrai\m3d_isicg\x64\debug\m3d_isicg.tlog\link.command.1.tlog
c:\users\alisk\source\repos\m3d_isicg_vrai\m3d_isicg\x64\debug\m3d_isicg.tlog\link.read.1.tlog
c:\users\alisk\source\repos\m3d_isicg_vrai\m3d_isicg\x64\debug\m3d_isicg.tlog\link.secondary.1.tlog
c:\users\alisk\source\repos\m3d_isicg_vrai\m3d_isicg\x64\debug\m3d_isicg.tlog\link.write.1.tlog
